<?xml version="1.0" encoding="UTF-8"?>
<!-- Generated by org.testng.reporters.JUnitXMLReporter -->
<testsuite ignored="0" hostname="LAPTOP-8DUO6O13" failures="0" tests="13" name="LoginAndSearchTest_Chrome" time="74.234" errors="0" timestamp="2025-09-08T11:20:54 IST">
  <testcase classname="tests.LoginTest" name="invalidLoginTest" time="5.44"/>
  <testcase classname="tests.LoginTest" name="verifyLoginTest" time="4.79"/>
  <testcase classname="tests.LoginTest" name="validLoginTest" time="9.259"/>
  <testcase classname="tests.SearchTest" name="testSearchProduct" time="6.695"/>
  <testcase classname="tests.SearchTest" name="testApplyFilters" time="10.816"/>
  <testcase classname="tests.SearchTest" name="testSortLowToHigh" time="2.216"/>
  <testcase classname="tests.SearchTest" name="testBlankSearch" time="2.695"/>
  <testcase classname="tests.SearchTest" name="testViewProductDetails" time="8.158"/>
  <testcase classname="tests.CartTest" name="cartAddTest" time="6.195"/>
  <testcase classname="tests.CartTest" name="modifyQuantity" time="4.929"/>
  <testcase classname="tests.CartTest" name="deleteFromCart" time="1.227"/>
  <testcase classname="tests.CartTest" name="buyProducts" time="5.319"/>
  <testcase classname="tests.CartTest" name="placeOrder" time="0.058"/>
</testsuite> <!-- LoginAndSearchTest_Chrome -->
