<?xml version="1.0" encoding="UTF-8"?>
<testng-results ignored="0" total="13" passed="13" failed="0" skipped="0">
  <reporter-output>
  </reporter-output>
  <suite started-at="2025-09-08T11:19:40 IST" name="AmazonTestSuite" finished-at="2025-09-08T11:20:54 IST" duration-ms="74234">
    <groups>
      <group name="search">
        <method signature="SearchTest.testSearchProduct()[pri:1, instance:tests.SearchTest@ba2f4ec]" name="testSearchProduct" class="tests.SearchTest"/>
        <method signature="SearchTest.testApplyFilters()[pri:2, instance:tests.SearchTest@ba2f4ec]" name="testApplyFilters" class="tests.SearchTest"/>
        <method signature="SearchTest.testSortLowToHigh()[pri:3, instance:tests.SearchTest@ba2f4ec]" name="testSortLowToHigh" class="tests.SearchTest"/>
        <method signature="SearchTest.testBlankSearch()[pri:4, instance:tests.SearchTest@ba2f4ec]" name="testBlankSearch" class="tests.SearchTest"/>
        <method signature="SearchTest.testViewProductDetails()[pri:5, instance:tests.SearchTest@ba2f4ec]" name="testViewProductDetails" class="tests.SearchTest"/>
      </group> <!-- search -->
      <group name="login">
        <method signature="LoginTest.invalidLoginTest()[pri:1, instance:tests.LoginTest@302552ec]" name="invalidLoginTest" class="tests.LoginTest"/>
        <method signature="LoginTest.verifyLoginTest()[pri:2, instance:tests.LoginTest@302552ec]" name="verifyLoginTest" class="tests.LoginTest"/>
        <method signature="LoginTest.validLoginTest()[pri:3, instance:tests.LoginTest@302552ec]" name="validLoginTest" class="tests.LoginTest"/>
      </group> <!-- login -->
      <group name="cart">
        <method signature="CartTest.cartAddTest()[pri:1, instance:tests.CartTest@1c1bbc4e]" name="cartAddTest" class="tests.CartTest"/>
        <method signature="CartTest.modifyQuantity()[pri:2, instance:tests.CartTest@1c1bbc4e]" name="modifyQuantity" class="tests.CartTest"/>
        <method signature="CartTest.deleteFromCart()[pri:3, instance:tests.CartTest@1c1bbc4e]" name="deleteFromCart" class="tests.CartTest"/>
        <method signature="CartTest.buyProducts()[pri:4, instance:tests.CartTest@1c1bbc4e]" name="buyProducts" class="tests.CartTest"/>
        <method signature="CartTest.placeOrder()[pri:5, instance:tests.CartTest@1c1bbc4e]" name="placeOrder" class="tests.CartTest"/>
      </group> <!-- cart -->
    </groups>
    <test started-at="2025-09-08T11:19:40 IST" name="LoginAndSearchTest_Chrome" finished-at="2025-09-08T11:20:54 IST" duration-ms="74234">
      <class name="tests.LoginTest">
        <test-method is-config="true" signature="setDriver(java.lang.String)[pri:0, instance:tests.LoginTest@302552ec]" started-at="2025-09-08T11:19:40 IST" name="setDriver" finished-at="2025-09-08T11:19:45 IST" duration-ms="5725" status="PASS">
          <params>
            <param index="0">
              <value>
                <![CDATA[chrome]]>
              </value>
            </param>
          </params>
          <reporter-output>
          </reporter-output>
        </test-method> <!-- setDriver -->
        <test-method signature="invalidLoginTest()[pri:1, instance:tests.LoginTest@302552ec]" started-at="2025-09-08T11:19:45 IST" name="invalidLoginTest" finished-at="2025-09-08T11:19:51 IST" duration-ms="5440" status="PASS">
          <reporter-output>
          </reporter-output>
        </test-method> <!-- invalidLoginTest -->
        <test-method signature="verifyLoginTest()[pri:2, instance:tests.LoginTest@302552ec]" started-at="2025-09-08T11:19:51 IST" name="verifyLoginTest" finished-at="2025-09-08T11:19:56 IST" duration-ms="4790" status="PASS">
          <reporter-output>
          </reporter-output>
        </test-method> <!-- verifyLoginTest -->
        <test-method signature="validLoginTest()[pri:3, instance:tests.LoginTest@302552ec]" started-at="2025-09-08T11:19:56 IST" name="validLoginTest" finished-at="2025-09-08T11:20:05 IST" duration-ms="9259" status="PASS">
          <reporter-output>
          </reporter-output>
        </test-method> <!-- validLoginTest -->
      </class> <!-- tests.LoginTest -->
      <class name="tests.CartTest">
        <test-method is-config="true" signature="setDriver(java.lang.String)[pri:0, instance:tests.CartTest@1c1bbc4e]" started-at="2025-09-08T11:20:36 IST" name="setDriver" finished-at="2025-09-08T11:20:36 IST" duration-ms="4" status="PASS">
          <params>
            <param index="0">
              <value>
                <![CDATA[chrome]]>
              </value>
            </param>
          </params>
          <reporter-output>
          </reporter-output>
        </test-method> <!-- setDriver -->
        <test-method signature="cartAddTest()[pri:1, instance:tests.CartTest@1c1bbc4e]" started-at="2025-09-08T11:20:36 IST" name="cartAddTest" depends-on-groups="search" finished-at="2025-09-08T11:20:42 IST" duration-ms="6195" status="PASS">
          <reporter-output>
          </reporter-output>
        </test-method> <!-- cartAddTest -->
        <test-method signature="modifyQuantity()[pri:2, instance:tests.CartTest@1c1bbc4e]" started-at="2025-09-08T11:20:42 IST" name="modifyQuantity" depends-on-groups="search" finished-at="2025-09-08T11:20:47 IST" duration-ms="4929" status="PASS">
          <reporter-output>
          </reporter-output>
        </test-method> <!-- modifyQuantity -->
        <test-method signature="deleteFromCart()[pri:3, instance:tests.CartTest@1c1bbc4e]" started-at="2025-09-08T11:20:47 IST" name="deleteFromCart" depends-on-groups="search" finished-at="2025-09-08T11:20:48 IST" duration-ms="1227" status="PASS">
          <reporter-output>
          </reporter-output>
        </test-method> <!-- deleteFromCart -->
        <test-method signature="buyProducts()[pri:4, instance:tests.CartTest@1c1bbc4e]" started-at="2025-09-08T11:20:48 IST" name="buyProducts" depends-on-groups="search" finished-at="2025-09-08T11:20:53 IST" duration-ms="5319" status="PASS">
          <reporter-output>
          </reporter-output>
        </test-method> <!-- buyProducts -->
        <test-method signature="placeOrder()[pri:5, instance:tests.CartTest@1c1bbc4e]" started-at="2025-09-08T11:20:53 IST" name="placeOrder" depends-on-groups="search" finished-at="2025-09-08T11:20:53 IST" duration-ms="58" status="PASS">
          <reporter-output>
          </reporter-output>
        </test-method> <!-- placeOrder -->
        <test-method is-config="true" signature="quitBrowser()[pri:0, instance:tests.CartTest@1c1bbc4e]" started-at="2025-09-08T11:20:53 IST" name="quitBrowser" finished-at="2025-09-08T11:20:54 IST" duration-ms="550" status="PASS">
          <reporter-output>
          </reporter-output>
        </test-method> <!-- quitBrowser -->
      </class> <!-- tests.CartTest -->
      <class name="tests.SearchTest">
        <test-method is-config="true" signature="setup(java.lang.String)[pri:0, instance:tests.SearchTest@ba2f4ec]" started-at="2025-09-08T11:20:05 IST" name="setup" finished-at="2025-09-08T11:20:05 IST" duration-ms="11" status="PASS">
          <params>
            <param index="0">
              <value>
                <![CDATA[chrome]]>
              </value>
            </param>
          </params>
          <reporter-output>
          </reporter-output>
        </test-method> <!-- setup -->
        <test-method signature="testSearchProduct()[pri:1, instance:tests.SearchTest@ba2f4ec]" started-at="2025-09-08T11:20:05 IST" name="testSearchProduct" depends-on-groups="login" finished-at="2025-09-08T11:20:12 IST" duration-ms="6695" status="PASS">
          <reporter-output>
          </reporter-output>
        </test-method> <!-- testSearchProduct -->
        <test-method signature="testApplyFilters()[pri:2, instance:tests.SearchTest@ba2f4ec]" started-at="2025-09-08T11:20:12 IST" name="testApplyFilters" depends-on-groups="login" finished-at="2025-09-08T11:20:22 IST" duration-ms="10816" status="PASS">
          <reporter-output>
          </reporter-output>
        </test-method> <!-- testApplyFilters -->
        <test-method signature="testSortLowToHigh()[pri:3, instance:tests.SearchTest@ba2f4ec]" started-at="2025-09-08T11:20:22 IST" name="testSortLowToHigh" depends-on-groups="login" finished-at="2025-09-08T11:20:25 IST" duration-ms="2216" status="PASS">
          <reporter-output>
          </reporter-output>
        </test-method> <!-- testSortLowToHigh -->
        <test-method signature="testBlankSearch()[pri:4, instance:tests.SearchTest@ba2f4ec]" started-at="2025-09-08T11:20:25 IST" name="testBlankSearch" depends-on-groups="login" finished-at="2025-09-08T11:20:27 IST" duration-ms="2695" status="PASS">
          <reporter-output>
          </reporter-output>
        </test-method> <!-- testBlankSearch -->
        <test-method signature="testViewProductDetails()[pri:5, instance:tests.SearchTest@ba2f4ec]" started-at="2025-09-08T11:20:27 IST" name="testViewProductDetails" depends-on-groups="login" finished-at="2025-09-08T11:20:36 IST" duration-ms="8158" status="PASS">
          <reporter-output>
          </reporter-output>
        </test-method> <!-- testViewProductDetails -->
      </class> <!-- tests.SearchTest -->
    </test> <!-- LoginAndSearchTest_Chrome -->
  </suite> <!-- AmazonTestSuite -->
</testng-results>
